{"/Users/Kuitos/快盘/Program/codes/kuitos/json-mock-server/src/index.js":{"path":"/Users/Kuitos/快盘/Program/codes/kuitos/json-mock-server/src/index.js","s":{"1":1,"2":1,"3":29,"4":29,"5":29},"b":{},"f":{"1":29},"fnMap":{"1":{"name":"(anonymous_1)","line":4,"loc":{"start":{"line":4,"column":10},"end":{"line":4,"column":22}}}},"statementMap":{"1":{"start":{"line":1,"column":0},"end":{"line":1,"column":32}},"2":{"start":{"line":3,"column":0},"end":{"line":11,"column":1}},"3":{"start":{"line":5,"column":4},"end":{"line":5,"column":26}},"4":{"start":{"line":6,"column":4},"end":{"line":6,"column":32}},"5":{"start":{"line":7,"column":4},"end":{"line":7,"column":17}}},"branchMap":{}},"/Users/Kuitos/快盘/Program/codes/kuitos/json-mock-server/src/defaults.js":{"path":"/Users/Kuitos/快盘/Program/codes/kuitos/json-mock-server/src/defaults.js","s":{"1":1,"2":1,"3":1,"4":1,"5":1,"6":1,"7":1,"8":1,"9":28,"10":28,"11":28,"12":28,"13":28,"14":28,"15":28,"16":0,"17":28,"18":28,"19":0,"20":28,"21":28,"22":0,"23":0,"24":0,"25":0,"26":28},"b":{"1":[0,28],"2":[28,0],"3":[0,0],"4":[0,28]},"f":{"1":28,"2":0,"3":0},"fnMap":{"1":{"name":"(anonymous_1)","line":9,"loc":{"start":{"line":9,"column":17},"end":{"line":9,"column":33}}},"2":{"name":"(anonymous_2)","line":23,"loc":{"start":{"line":23,"column":12},"end":{"line":23,"column":32}}},"3":{"name":"(anonymous_3)","line":43,"loc":{"start":{"line":43,"column":11},"end":{"line":43,"column":37}}}},"statementMap":{"1":{"start":{"line":1,"column":0},"end":{"line":1,"column":22}},"2":{"start":{"line":2,"column":0},"end":{"line":2,"column":26}},"3":{"start":{"line":3,"column":0},"end":{"line":3,"column":32}},"4":{"start":{"line":4,"column":0},"end":{"line":4,"column":30}},"5":{"start":{"line":5,"column":0},"end":{"line":5,"column":26}},"6":{"start":{"line":6,"column":0},"end":{"line":6,"column":42}},"7":{"start":{"line":7,"column":0},"end":{"line":7,"column":43}},"8":{"start":{"line":9,"column":0},"end":{"line":51,"column":1}},"9":{"start":{"line":10,"column":2},"end":{"line":10,"column":50}},"10":{"start":{"line":11,"column":2},"end":{"line":11,"column":49}},"11":{"start":{"line":12,"column":2},"end":{"line":14,"column":14}},"12":{"start":{"line":16,"column":2},"end":{"line":16,"column":64}},"13":{"start":{"line":18,"column":2},"end":{"line":18,"column":14}},"14":{"start":{"line":21,"column":2},"end":{"line":28,"column":3}},"15":{"start":{"line":22,"column":4},"end":{"line":27,"column":7}},"16":{"start":{"line":24,"column":8},"end":{"line":25,"column":37}},"17":{"start":{"line":31,"column":2},"end":{"line":31,"column":53}},"18":{"start":{"line":33,"column":2},"end":{"line":36,"column":3}},"19":{"start":{"line":35,"column":4},"end":{"line":35,"column":28}},"20":{"start":{"line":39,"column":2},"end":{"line":39,"column":39}},"21":{"start":{"line":43,"column":2},"end":{"line":48,"column":4}},"22":{"start":{"line":44,"column":4},"end":{"line":44,"column":43}},"23":{"start":{"line":45,"column":4},"end":{"line":45,"column":36}},"24":{"start":{"line":46,"column":4},"end":{"line":46,"column":31}},"25":{"start":{"line":47,"column":4},"end":{"line":47,"column":10}},"26":{"start":{"line":50,"column":2},"end":{"line":50,"column":12}}},"branchMap":{"1":{"line":12,"type":"cond-expr","locations":[{"start":{"line":13,"column":4},"end":{"line":13,"column":11}},{"start":{"line":14,"column":4},"end":{"line":14,"column":14}}]},"2":{"line":21,"type":"if","locations":[{"start":{"line":21,"column":2},"end":{"line":21,"column":2}},{"start":{"line":21,"column":2},"end":{"line":21,"column":2}}]},"3":{"line":24,"type":"binary-expr","locations":[{"start":{"line":24,"column":15},"end":{"line":24,"column":46}},{"start":{"line":25,"column":10},"end":{"line":25,"column":37}}]},"4":{"line":33,"type":"if","locations":[{"start":{"line":33,"column":2},"end":{"line":33,"column":2}},{"start":{"line":33,"column":2},"end":{"line":33,"column":2}}]}}},"/Users/Kuitos/快盘/Program/codes/kuitos/json-mock-server/src/router.js":{"path":"/Users/Kuitos/快盘/Program/codes/kuitos/json-mock-server/src/router.js","s":{"1":1,"2":1,"3":1,"4":1,"5":1,"6":1,"7":1,"8":1,"9":1,"10":1,"11":29,"12":29,"13":29,"14":29,"15":29,"16":0,"17":0,"18":29,"19":29,"20":1,"21":0,"22":1,"23":0,"24":0,"25":0,"26":0,"27":0,"28":0,"29":0,"30":0,"31":0,"32":0,"33":0,"34":0,"35":0,"36":0,"37":0,"38":0,"39":0,"40":0,"41":0,"42":0,"43":0,"44":0,"45":0,"46":0,"47":0,"48":0,"49":0,"50":0,"51":0,"52":0,"53":0,"54":0,"55":0,"56":0,"57":0,"58":0,"59":0,"60":0,"61":0,"62":0,"63":0,"64":0,"65":0,"66":0,"67":0,"68":0,"69":0,"70":0,"71":0,"72":0,"73":0,"74":0,"75":0,"76":0,"77":0,"78":0,"79":1,"80":0,"81":0,"82":0,"83":0,"84":0,"85":0,"86":0,"87":0,"88":0,"89":0,"90":0,"91":0,"92":0,"93":0,"94":0,"95":0,"96":0,"97":1,"98":0,"99":0,"100":0,"101":0,"102":0,"103":0,"104":0,"105":0,"106":0,"107":0,"108":0,"109":0,"110":0,"111":0,"112":0,"113":1,"114":0,"115":0,"116":0,"117":0,"118":1,"119":0,"120":0,"121":0,"122":0,"123":0,"124":0,"125":1,"126":0,"127":0,"128":0,"129":0,"130":0,"131":29,"132":29,"133":29},"b":{"1":[0,29],"2":[0,0],"3":[0,0],"4":[0,0],"5":[0,0],"6":[0,0],"7":[0,0],"8":[0,0],"9":[0,0],"10":[0,0],"11":[0,0],"12":[0,0],"13":[0,0],"14":[0,0],"15":[0,0],"16":[0,0],"17":[0,0],"18":[0,0],"19":[0,0],"20":[0,0],"21":[0,0],"22":[0,0],"23":[0,0],"24":[0,0],"25":[0,0],"26":[0,0],"27":[0,0],"28":[0,0],"29":[0,0],"30":[0,0],"31":[0,0],"32":[0,0],"33":[0,0]},"f":{"1":29,"2":0,"3":0,"4":0,"5":0,"6":0,"7":0,"8":0,"9":0,"10":0,"11":0,"12":0},"fnMap":{"1":{"name":"(anonymous_1)","line":14,"loc":{"start":{"line":14,"column":17},"end":{"line":14,"column":46}}},"2":{"name":"showDatabase","line":40,"loc":{"start":{"line":40,"column":2},"end":{"line":40,"column":40}}},"3":{"name":"parse","line":53,"loc":{"start":{"line":53,"column":2},"end":{"line":53,"column":33}}},"4":{"name":"(anonymous_4)","line":90,"loc":{"start":{"line":90,"column":44},"end":{"line":90,"column":68}}},"5":{"name":"find","line":154,"loc":{"start":{"line":154,"column":2},"end":{"line":154,"column":32}}},"6":{"name":"(anonymous_6)","line":159,"loc":{"start":{"line":159,"column":62},"end":{"line":159,"column":77}}},"7":{"name":"present","line":186,"loc":{"start":{"line":186,"column":2},"end":{"line":186,"column":35}}},"8":{"name":"(anonymous_8)","line":191,"loc":{"start":{"line":191,"column":64},"end":{"line":191,"column":83}}},"9":{"name":"create","line":216,"loc":{"start":{"line":216,"column":2},"end":{"line":216,"column":34}}},"10":{"name":"update","line":227,"loc":{"start":{"line":227,"column":2},"end":{"line":227,"column":34}}},"11":{"name":"destroy","line":241,"loc":{"start":{"line":241,"column":2},"end":{"line":241,"column":35}}},"12":{"name":"(anonymous_12)","line":246,"loc":{"start":{"line":246,"column":22},"end":{"line":246,"column":38}}}},"statementMap":{"1":{"start":{"line":1,"column":0},"end":{"line":1,"column":32}},"2":{"start":{"line":2,"column":0},"end":{"line":2,"column":47}},"3":{"start":{"line":3,"column":0},"end":{"line":3,"column":39}},"4":{"start":{"line":4,"column":0},"end":{"line":4,"column":29}},"5":{"start":{"line":5,"column":0},"end":{"line":5,"column":26}},"6":{"start":{"line":6,"column":0},"end":{"line":6,"column":30}},"7":{"start":{"line":8,"column":0},"end":{"line":8,"column":35}},"8":{"start":{"line":9,"column":0},"end":{"line":9,"column":44}},"9":{"start":{"line":10,"column":0},"end":{"line":12,"column":2}},"10":{"start":{"line":14,"column":0},"end":{"line":263,"column":1}},"11":{"start":{"line":17,"column":2},"end":{"line":17,"column":31}},"12":{"start":{"line":20,"column":2},"end":{"line":22,"column":5}},"13":{"start":{"line":23,"column":2},"end":{"line":25,"column":5}},"14":{"start":{"line":26,"column":2},"end":{"line":26,"column":30}},"15":{"start":{"line":29,"column":2},"end":{"line":34,"column":3}},"16":{"start":{"line":30,"column":4},"end":{"line":30,"column":18}},"17":{"start":{"line":31,"column":4},"end":{"line":31,"column":22}},"18":{"start":{"line":33,"column":4},"end":{"line":33,"column":24}},"19":{"start":{"line":37,"column":2},"end":{"line":37,"column":16}},"20":{"start":{"line":40,"column":2},"end":{"line":42,"column":3}},"21":{"start":{"line":41,"column":4},"end":{"line":41,"column":24}},"22":{"start":{"line":53,"column":2},"end":{"line":151,"column":3}},"23":{"start":{"line":57,"column":4},"end":{"line":59,"column":5}},"24":{"start":{"line":58,"column":6},"end":{"line":58,"column":32}},"25":{"start":{"line":62,"column":4},"end":{"line":62,"column":22}},"26":{"start":{"line":65,"column":4},"end":{"line":65,"column":30}},"27":{"start":{"line":68,"column":4},"end":{"line":68,"column":13}},"28":{"start":{"line":72,"column":4},"end":{"line":72,"column":43}},"29":{"start":{"line":73,"column":4},"end":{"line":73,"column":39}},"30":{"start":{"line":74,"column":4},"end":{"line":74,"column":41}},"31":{"start":{"line":75,"column":4},"end":{"line":75,"column":43}},"32":{"start":{"line":76,"column":4},"end":{"line":76,"column":43}},"33":{"start":{"line":77,"column":4},"end":{"line":77,"column":27}},"34":{"start":{"line":78,"column":4},"end":{"line":78,"column":25}},"35":{"start":{"line":79,"column":4},"end":{"line":79,"column":26}},"36":{"start":{"line":80,"column":4},"end":{"line":80,"column":27}},"37":{"start":{"line":81,"column":4},"end":{"line":81,"column":27}},"38":{"start":{"line":84,"column":4},"end":{"line":84,"column":35}},"39":{"start":{"line":85,"column":4},"end":{"line":129,"column":5}},"40":{"start":{"line":86,"column":6},"end":{"line":86,"column":61}},"41":{"start":{"line":87,"column":6},"end":{"line":87,"column":40}},"42":{"start":{"line":88,"column":6},"end":{"line":88,"column":39}},"43":{"start":{"line":89,"column":6},"end":{"line":89,"column":67}},"44":{"start":{"line":90,"column":6},"end":{"line":108,"column":8}},"45":{"start":{"line":91,"column":8},"end":{"line":91,"column":20}},"46":{"start":{"line":92,"column":8},"end":{"line":107,"column":9}},"47":{"start":{"line":93,"column":10},"end":{"line":93,"column":24}},"48":{"start":{"line":94,"column":10},"end":{"line":94,"column":62}},"49":{"start":{"line":95,"column":10},"end":{"line":99,"column":11}},"50":{"start":{"line":96,"column":12},"end":{"line":96,"column":114}},"51":{"start":{"line":98,"column":12},"end":{"line":98,"column":83}},"52":{"start":{"line":100,"column":10},"end":{"line":100,"column":48}},"53":{"start":{"line":101,"column":15},"end":{"line":107,"column":9}},"54":{"start":{"line":102,"column":10},"end":{"line":102,"column":30}},"55":{"start":{"line":103,"column":10},"end":{"line":105,"column":11}},"56":{"start":{"line":104,"column":12},"end":{"line":104,"column":114}},"57":{"start":{"line":106,"column":10},"end":{"line":106,"column":48}},"58":{"start":{"line":109,"column":6},"end":{"line":128,"column":7}},"59":{"start":{"line":112,"column":8},"end":{"line":118,"column":9}},"60":{"start":{"line":113,"column":10},"end":{"line":113,"column":52}},"61":{"start":{"line":114,"column":10},"end":{"line":114,"column":59}},"62":{"start":{"line":116,"column":10},"end":{"line":116,"column":111}},"63":{"start":{"line":117,"column":10},"end":{"line":117,"column":107}},"64":{"start":{"line":119,"column":8},"end":{"line":119,"column":97}},"65":{"start":{"line":122,"column":8},"end":{"line":122,"column":108}},"66":{"start":{"line":123,"column":8},"end":{"line":127,"column":9}},"67":{"start":{"line":124,"column":10},"end":{"line":124,"column":109}},"68":{"start":{"line":126,"column":10},"end":{"line":126,"column":41}},"69":{"start":{"line":130,"column":4},"end":{"line":138,"column":5}},"70":{"start":{"line":131,"column":6},"end":{"line":131,"column":58}},"71":{"start":{"line":132,"column":6},"end":{"line":134,"column":7}},"72":{"start":{"line":133,"column":8},"end":{"line":133,"column":39}},"73":{"start":{"line":135,"column":6},"end":{"line":137,"column":7}},"74":{"start":{"line":136,"column":8},"end":{"line":136,"column":59}},"75":{"start":{"line":142,"column":4},"end":{"line":149,"column":5}},"76":{"start":{"line":146,"column":6},"end":{"line":148,"column":7}},"77":{"start":{"line":147,"column":8},"end":{"line":147,"column":67}},"78":{"start":{"line":150,"column":4},"end":{"line":150,"column":10}},"79":{"start":{"line":154,"column":2},"end":{"line":183,"column":3}},"80":{"start":{"line":155,"column":4},"end":{"line":168,"column":5}},"81":{"start":{"line":158,"column":6},"end":{"line":158,"column":39}},"82":{"start":{"line":159,"column":6},"end":{"line":166,"column":8}},"83":{"start":{"line":160,"column":8},"end":{"line":165,"column":9}},"84":{"start":{"line":161,"column":10},"end":{"line":161,"column":30}},"85":{"start":{"line":162,"column":10},"end":{"line":164,"column":11}},"86":{"start":{"line":163,"column":12},"end":{"line":163,"column":23}},"87":{"start":{"line":167,"column":6},"end":{"line":167,"column":19}},"88":{"start":{"line":169,"column":4},"end":{"line":173,"column":5}},"89":{"start":{"line":170,"column":6},"end":{"line":170,"column":62}},"90":{"start":{"line":172,"column":6},"end":{"line":172,"column":84}},"91":{"start":{"line":174,"column":4},"end":{"line":181,"column":5}},"92":{"start":{"line":175,"column":6},"end":{"line":177,"column":7}},"93":{"start":{"line":176,"column":8},"end":{"line":176,"column":58}},"94":{"start":{"line":178,"column":6},"end":{"line":180,"column":7}},"95":{"start":{"line":179,"column":8},"end":{"line":179,"column":21}},"96":{"start":{"line":182,"column":4},"end":{"line":182,"column":29}},"97":{"start":{"line":186,"column":2},"end":{"line":213,"column":3}},"98":{"start":{"line":189,"column":4},"end":{"line":197,"column":5}},"99":{"start":{"line":190,"column":6},"end":{"line":190,"column":58}},"100":{"start":{"line":191,"column":6},"end":{"line":193,"column":8}},"101":{"start":{"line":192,"column":8},"end":{"line":192,"column":43}},"102":{"start":{"line":194,"column":6},"end":{"line":196,"column":7}},"103":{"start":{"line":195,"column":8},"end":{"line":195,"column":40}},"104":{"start":{"line":200,"column":4},"end":{"line":203,"column":5}},"105":{"start":{"line":201,"column":6},"end":{"line":201,"column":67}},"106":{"start":{"line":202,"column":6},"end":{"line":202,"column":69}},"107":{"start":{"line":204,"column":4},"end":{"line":204,"column":62}},"108":{"start":{"line":205,"column":4},"end":{"line":211,"column":5}},"109":{"start":{"line":206,"column":6},"end":{"line":206,"column":111}},"110":{"start":{"line":207,"column":11},"end":{"line":211,"column":5}},"111":{"start":{"line":210,"column":6},"end":{"line":210,"column":146}},"112":{"start":{"line":212,"column":4},"end":{"line":212,"column":37}},"113":{"start":{"line":216,"column":2},"end":{"line":223,"column":3}},"114":{"start":{"line":217,"column":4},"end":{"line":219,"column":5}},"115":{"start":{"line":218,"column":6},"end":{"line":218,"column":51}},"116":{"start":{"line":220,"column":4},"end":{"line":221,"column":23}},"117":{"start":{"line":222,"column":4},"end":{"line":222,"column":23}},"118":{"start":{"line":227,"column":2},"end":{"line":238,"column":3}},"119":{"start":{"line":228,"column":4},"end":{"line":230,"column":5}},"120":{"start":{"line":229,"column":6},"end":{"line":229,"column":51}},"121":{"start":{"line":231,"column":4},"end":{"line":232,"column":65}},"122":{"start":{"line":233,"column":4},"end":{"line":237,"column":5}},"123":{"start":{"line":234,"column":6},"end":{"line":234,"column":25}},"124":{"start":{"line":236,"column":6},"end":{"line":236,"column":31}},"125":{"start":{"line":241,"column":2},"end":{"line":250,"column":3}},"126":{"start":{"line":242,"column":4},"end":{"line":242,"column":76}},"127":{"start":{"line":245,"column":4},"end":{"line":245,"column":49}},"128":{"start":{"line":246,"column":4},"end":{"line":248,"column":6}},"129":{"start":{"line":247,"column":6},"end":{"line":247,"column":35}},"130":{"start":{"line":249,"column":4},"end":{"line":249,"column":29}},"131":{"start":{"line":253,"column":2},"end":{"line":253,"column":33}},"132":{"start":{"line":255,"column":2},"end":{"line":260,"column":27}},"133":{"start":{"line":262,"column":2},"end":{"line":262,"column":15}}},"branchMap":{"1":{"line":29,"type":"if","locations":[{"start":{"line":29,"column":2},"end":{"line":29,"column":2}},{"start":{"line":29,"column":2},"end":{"line":29,"column":2}}]},"2":{"line":57,"type":"if","locations":[{"start":{"line":57,"column":4},"end":{"line":57,"column":4}},{"start":{"line":57,"column":4},"end":{"line":57,"column":4}}]},"3":{"line":85,"type":"if","locations":[{"start":{"line":85,"column":4},"end":{"line":85,"column":4}},{"start":{"line":85,"column":4},"end":{"line":85,"column":4}}]},"4":{"line":92,"type":"if","locations":[{"start":{"line":92,"column":8},"end":{"line":92,"column":8}},{"start":{"line":92,"column":8},"end":{"line":92,"column":8}}]},"5":{"line":95,"type":"if","locations":[{"start":{"line":95,"column":10},"end":{"line":95,"column":10}},{"start":{"line":95,"column":10},"end":{"line":95,"column":10}}]},"6":{"line":101,"type":"if","locations":[{"start":{"line":101,"column":15},"end":{"line":101,"column":15}},{"start":{"line":101,"column":15},"end":{"line":101,"column":15}}]},"7":{"line":103,"type":"if","locations":[{"start":{"line":103,"column":10},"end":{"line":103,"column":10}},{"start":{"line":103,"column":10},"end":{"line":103,"column":10}}]},"8":{"line":109,"type":"if","locations":[{"start":{"line":109,"column":6},"end":{"line":109,"column":6}},{"start":{"line":109,"column":6},"end":{"line":109,"column":6}}]},"9":{"line":112,"type":"if","locations":[{"start":{"line":112,"column":8},"end":{"line":112,"column":8}},{"start":{"line":112,"column":8},"end":{"line":112,"column":8}}]},"10":{"line":123,"type":"if","locations":[{"start":{"line":123,"column":8},"end":{"line":123,"column":8}},{"start":{"line":123,"column":8},"end":{"line":123,"column":8}}]},"11":{"line":130,"type":"if","locations":[{"start":{"line":130,"column":4},"end":{"line":130,"column":4}},{"start":{"line":130,"column":4},"end":{"line":130,"column":4}}]},"12":{"line":132,"type":"if","locations":[{"start":{"line":132,"column":6},"end":{"line":132,"column":6}},{"start":{"line":132,"column":6},"end":{"line":132,"column":6}}]},"13":{"line":135,"type":"if","locations":[{"start":{"line":135,"column":6},"end":{"line":135,"column":6}},{"start":{"line":135,"column":6},"end":{"line":135,"column":6}}]},"14":{"line":146,"type":"if","locations":[{"start":{"line":146,"column":6},"end":{"line":146,"column":6}},{"start":{"line":146,"column":6},"end":{"line":146,"column":6}}]},"15":{"line":146,"type":"binary-expr","locations":[{"start":{"line":146,"column":10},"end":{"line":146,"column":28}},{"start":{"line":146,"column":32},"end":{"line":146,"column":43}}]},"16":{"line":155,"type":"if","locations":[{"start":{"line":155,"column":4},"end":{"line":155,"column":4}},{"start":{"line":155,"column":4},"end":{"line":155,"column":4}}]},"17":{"line":162,"type":"if","locations":[{"start":{"line":162,"column":10},"end":{"line":162,"column":10}},{"start":{"line":162,"column":10},"end":{"line":162,"column":10}}]},"18":{"line":162,"type":"binary-expr","locations":[{"start":{"line":162,"column":14},"end":{"line":162,"column":31}},{"start":{"line":162,"column":35},"end":{"line":162,"column":72}}]},"19":{"line":169,"type":"if","locations":[{"start":{"line":169,"column":4},"end":{"line":169,"column":4}},{"start":{"line":169,"column":4},"end":{"line":169,"column":4}}]},"20":{"line":169,"type":"binary-expr","locations":[{"start":{"line":169,"column":8},"end":{"line":169,"column":42}},{"start":{"line":169,"column":46},"end":{"line":169,"column":90}}]},"21":{"line":174,"type":"if","locations":[{"start":{"line":174,"column":4},"end":{"line":174,"column":4}},{"start":{"line":174,"column":4},"end":{"line":174,"column":4}}]},"22":{"line":175,"type":"if","locations":[{"start":{"line":175,"column":6},"end":{"line":175,"column":6}},{"start":{"line":175,"column":6},"end":{"line":175,"column":6}}]},"23":{"line":175,"type":"binary-expr","locations":[{"start":{"line":175,"column":10},"end":{"line":175,"column":34}},{"start":{"line":175,"column":38},"end":{"line":175,"column":73}}]},"24":{"line":178,"type":"if","locations":[{"start":{"line":178,"column":6},"end":{"line":178,"column":6}},{"start":{"line":178,"column":6},"end":{"line":178,"column":6}}]},"25":{"line":189,"type":"if","locations":[{"start":{"line":189,"column":4},"end":{"line":189,"column":4}},{"start":{"line":189,"column":4},"end":{"line":189,"column":4}}]},"26":{"line":190,"type":"binary-expr","locations":[{"start":{"line":190,"column":29},"end":{"line":190,"column":49}},{"start":{"line":190,"column":53},"end":{"line":190,"column":58}}]},"27":{"line":194,"type":"if","locations":[{"start":{"line":194,"column":6},"end":{"line":194,"column":6}},{"start":{"line":194,"column":6},"end":{"line":194,"column":6}}]},"28":{"line":200,"type":"if","locations":[{"start":{"line":200,"column":4},"end":{"line":200,"column":4}},{"start":{"line":200,"column":4},"end":{"line":200,"column":4}}]},"29":{"line":200,"type":"binary-expr","locations":[{"start":{"line":200,"column":8},"end":{"line":200,"column":26}},{"start":{"line":200,"column":30},"end":{"line":200,"column":50}}]},"30":{"line":204,"type":"binary-expr","locations":[{"start":{"line":204,"column":27},"end":{"line":204,"column":57}},{"start":{"line":204,"column":61},"end":{"line":204,"column":62}}]},"31":{"line":205,"type":"if","locations":[{"start":{"line":205,"column":4},"end":{"line":205,"column":4}},{"start":{"line":205,"column":4},"end":{"line":205,"column":4}}]},"32":{"line":207,"type":"if","locations":[{"start":{"line":207,"column":11},"end":{"line":207,"column":11}},{"start":{"line":207,"column":11},"end":{"line":207,"column":11}}]},"33":{"line":233,"type":"if","locations":[{"start":{"line":233,"column":4},"end":{"line":233,"column":4}},{"start":{"line":233,"column":4},"end":{"line":233,"column":4}}]}}},"/Users/Kuitos/快盘/Program/codes/kuitos/json-mock-server/src/utils.js":{"path":"/Users/Kuitos/快盘/Program/codes/kuitos/json-mock-server/src/utils.js","s":{"1":1,"2":1,"3":1,"4":1,"5":1,"6":9,"7":7,"8":4,"9":3,"10":1,"11":2,"12":1,"13":3,"14":1,"15":0,"16":0,"17":0,"18":0,"19":0,"20":0,"21":0,"22":1,"23":1,"24":1,"25":2,"26":4,"27":8,"28":3,"29":3,"30":3,"31":3,"32":2,"33":1,"34":1},"b":{"1":[7,2],"2":[4,3],"3":[7,6],"4":[1,2],"5":[3,2],"6":[1,1],"7":[0,0],"8":[0,0],"9":[3,5],"10":[3,0],"11":[2,1]},"f":{"1":9,"2":0,"3":0,"4":1,"5":2,"6":4,"7":8},"fnMap":{"1":{"name":"toNative","line":10,"loc":{"start":{"line":10,"column":0},"end":{"line":10,"column":25}}},"2":{"name":"createId","line":24,"loc":{"start":{"line":24,"column":0},"end":{"line":24,"column":24}}},"3":{"name":"(anonymous_3)","line":28,"loc":{"start":{"line":28,"column":25},"end":{"line":28,"column":39}}},"4":{"name":"getRemovable","line":45,"loc":{"start":{"line":45,"column":0},"end":{"line":45,"column":26}}},"5":{"name":"(anonymous_5)","line":48,"loc":{"start":{"line":48,"column":13},"end":{"line":48,"column":38}}},"6":{"name":"(anonymous_6)","line":49,"loc":{"start":{"line":49,"column":17},"end":{"line":49,"column":31}}},"7":{"name":"(anonymous_7)","line":50,"loc":{"start":{"line":50,"column":18},"end":{"line":50,"column":39}}}},"statementMap":{"1":{"start":{"line":1,"column":0},"end":{"line":1,"column":29}},"2":{"start":{"line":2,"column":0},"end":{"line":2,"column":31}},"3":{"start":{"line":3,"column":0},"end":{"line":3,"column":52}},"4":{"start":{"line":4,"column":0},"end":{"line":4,"column":21}},"5":{"start":{"line":10,"column":0},"end":{"line":21,"column":1}},"6":{"start":{"line":11,"column":2},"end":{"line":19,"column":3}},"7":{"start":{"line":12,"column":4},"end":{"line":18,"column":5}},"8":{"start":{"line":13,"column":6},"end":{"line":13,"column":18}},"9":{"start":{"line":14,"column":11},"end":{"line":18,"column":5}},"10":{"start":{"line":15,"column":6},"end":{"line":15,"column":29}},"11":{"start":{"line":16,"column":11},"end":{"line":18,"column":5}},"12":{"start":{"line":17,"column":6},"end":{"line":17,"column":19}},"13":{"start":{"line":20,"column":2},"end":{"line":20,"column":14}},"14":{"start":{"line":24,"column":0},"end":{"line":40,"column":1}},"15":{"start":{"line":25,"column":2},"end":{"line":39,"column":3}},"16":{"start":{"line":26,"column":4},"end":{"line":26,"column":12}},"17":{"start":{"line":28,"column":4},"end":{"line":30,"column":9}},"18":{"start":{"line":29,"column":6},"end":{"line":29,"column":19}},"19":{"start":{"line":32,"column":4},"end":{"line":38,"column":5}},"20":{"start":{"line":34,"column":6},"end":{"line":34,"column":17}},"21":{"start":{"line":37,"column":6},"end":{"line":37,"column":19}},"22":{"start":{"line":45,"column":0},"end":{"line":67,"column":1}},"23":{"start":{"line":46,"column":2},"end":{"line":46,"column":20}},"24":{"start":{"line":48,"column":2},"end":{"line":64,"column":4}},"25":{"start":{"line":49,"column":4},"end":{"line":63,"column":6}},"26":{"start":{"line":50,"column":6},"end":{"line":62,"column":8}},"27":{"start":{"line":51,"column":8},"end":{"line":61,"column":9}},"28":{"start":{"line":52,"column":10},"end":{"line":52,"column":53}},"29":{"start":{"line":54,"column":10},"end":{"line":60,"column":11}},"30":{"start":{"line":56,"column":12},"end":{"line":56,"column":59}},"31":{"start":{"line":57,"column":12},"end":{"line":59,"column":13}},"32":{"start":{"line":58,"column":14},"end":{"line":58,"column":58}},"33":{"start":{"line":66,"column":2},"end":{"line":66,"column":18}},"34":{"start":{"line":69,"column":0},"end":{"line":73,"column":1}}},"branchMap":{"1":{"line":11,"type":"if","locations":[{"start":{"line":11,"column":2},"end":{"line":11,"column":2}},{"start":{"line":11,"column":2},"end":{"line":11,"column":2}}]},"2":{"line":12,"type":"if","locations":[{"start":{"line":12,"column":4},"end":{"line":12,"column":4}},{"start":{"line":12,"column":4},"end":{"line":12,"column":4}}]},"3":{"line":12,"type":"binary-expr","locations":[{"start":{"line":12,"column":8},"end":{"line":12,"column":20}},{"start":{"line":12,"column":24},"end":{"line":12,"column":46}}]},"4":{"line":14,"type":"if","locations":[{"start":{"line":14,"column":11},"end":{"line":14,"column":11}},{"start":{"line":14,"column":11},"end":{"line":14,"column":11}}]},"5":{"line":14,"type":"binary-expr","locations":[{"start":{"line":14,"column":15},"end":{"line":14,"column":31}},{"start":{"line":14,"column":35},"end":{"line":14,"column":52}}]},"6":{"line":16,"type":"if","locations":[{"start":{"line":16,"column":11},"end":{"line":16,"column":11}},{"start":{"line":16,"column":11},"end":{"line":16,"column":11}}]},"7":{"line":25,"type":"if","locations":[{"start":{"line":25,"column":2},"end":{"line":25,"column":2}},{"start":{"line":25,"column":2},"end":{"line":25,"column":2}}]},"8":{"line":32,"type":"if","locations":[{"start":{"line":32,"column":4},"end":{"line":32,"column":4}},{"start":{"line":32,"column":4},"end":{"line":32,"column":4}}]},"9":{"line":51,"type":"if","locations":[{"start":{"line":51,"column":8},"end":{"line":51,"column":8}},{"start":{"line":51,"column":8},"end":{"line":51,"column":8}}]},"10":{"line":54,"type":"if","locations":[{"start":{"line":54,"column":10},"end":{"line":54,"column":10}},{"start":{"line":54,"column":10},"end":{"line":54,"column":10}}]},"11":{"line":57,"type":"if","locations":[{"start":{"line":57,"column":12},"end":{"line":57,"column":12}},{"start":{"line":57,"column":12},"end":{"line":57,"column":12}}]}}}}