TN:
SF:/Users/Kuitos/快盘/Program/codes/kuitos/json-mock-server/src/index.js
FN:4,(anonymous_1)
FNF:1
FNH:1
FNDA:29,(anonymous_1)
DA:1,1
DA:3,1
DA:5,29
DA:6,29
DA:7,29
LF:5
LH:5
BRF:0
BRH:0
end_of_record
TN:
SF:/Users/Kuitos/快盘/Program/codes/kuitos/json-mock-server/src/defaults.js
FN:9,(anonymous_1)
FN:23,(anonymous_2)
FN:43,(anonymous_3)
FNF:3
FNH:1
FNDA:28,(anonymous_1)
FNDA:0,(anonymous_2)
FNDA:0,(anonymous_3)
DA:1,1
DA:2,1
DA:3,1
DA:4,1
DA:5,1
DA:6,1
DA:7,1
DA:9,1
DA:10,28
DA:11,28
DA:12,28
DA:16,28
DA:18,28
DA:21,28
DA:22,28
DA:24,0
DA:31,28
DA:33,28
DA:35,0
DA:39,28
DA:43,28
DA:44,0
DA:45,0
DA:46,0
DA:47,0
DA:50,28
LF:26
LH:20
BRDA:12,1,0,0
BRDA:12,1,1,28
BRDA:21,2,0,28
BRDA:21,2,1,0
BRDA:24,3,0,0
BRDA:24,3,1,0
BRDA:33,4,0,0
BRDA:33,4,1,28
BRF:8
BRH:3
end_of_record
TN:
SF:/Users/Kuitos/快盘/Program/codes/kuitos/json-mock-server/src/router.js
FN:14,(anonymous_1)
FN:40,showDatabase
FN:53,parse
FN:90,(anonymous_4)
FN:154,find
FN:159,(anonymous_6)
FN:186,present
FN:191,(anonymous_8)
FN:216,create
FN:227,update
FN:241,destroy
FN:246,(anonymous_12)
FNF:12
FNH:1
FNDA:29,(anonymous_1)
FNDA:0,showDatabase
FNDA:0,parse
FNDA:0,(anonymous_4)
FNDA:0,find
FNDA:0,(anonymous_6)
FNDA:0,present
FNDA:0,(anonymous_8)
FNDA:0,create
FNDA:0,update
FNDA:0,destroy
FNDA:0,(anonymous_12)
DA:1,1
DA:2,1
DA:3,1
DA:4,1
DA:5,1
DA:6,1
DA:8,1
DA:9,1
DA:10,1
DA:14,1
DA:17,29
DA:20,29
DA:23,29
DA:26,29
DA:29,29
DA:30,0
DA:31,0
DA:33,29
DA:37,29
DA:40,1
DA:41,0
DA:53,1
DA:57,0
DA:58,0
DA:62,0
DA:65,0
DA:68,0
DA:72,0
DA:73,0
DA:74,0
DA:75,0
DA:76,0
DA:77,0
DA:78,0
DA:79,0
DA:80,0
DA:81,0
DA:84,0
DA:85,0
DA:86,0
DA:87,0
DA:88,0
DA:89,0
DA:90,0
DA:91,0
DA:92,0
DA:93,0
DA:94,0
DA:95,0
DA:96,0
DA:98,0
DA:100,0
DA:101,0
DA:102,0
DA:103,0
DA:104,0
DA:106,0
DA:109,0
DA:112,0
DA:113,0
DA:114,0
DA:116,0
DA:117,0
DA:119,0
DA:122,0
DA:123,0
DA:124,0
DA:126,0
DA:130,0
DA:131,0
DA:132,0
DA:133,0
DA:135,0
DA:136,0
DA:142,0
DA:146,0
DA:147,0
DA:150,0
DA:154,1
DA:155,0
DA:158,0
DA:159,0
DA:160,0
DA:161,0
DA:162,0
DA:163,0
DA:167,0
DA:169,0
DA:170,0
DA:172,0
DA:174,0
DA:175,0
DA:176,0
DA:178,0
DA:179,0
DA:182,0
DA:186,1
DA:189,0
DA:190,0
DA:191,0
DA:192,0
DA:194,0
DA:195,0
DA:200,0
DA:201,0
DA:202,0
DA:204,0
DA:205,0
DA:206,0
DA:207,0
DA:210,0
DA:212,0
DA:216,1
DA:217,0
DA:218,0
DA:220,0
DA:222,0
DA:227,1
DA:228,0
DA:229,0
DA:231,0
DA:233,0
DA:234,0
DA:236,0
DA:241,1
DA:242,0
DA:245,0
DA:246,0
DA:247,0
DA:249,0
DA:253,29
DA:255,29
DA:262,29
LF:133
LH:27
BRDA:29,1,0,0
BRDA:29,1,1,29
BRDA:57,2,0,0
BRDA:57,2,1,0
BRDA:85,3,0,0
BRDA:85,3,1,0
BRDA:92,4,0,0
BRDA:92,4,1,0
BRDA:95,5,0,0
BRDA:95,5,1,0
BRDA:101,6,0,0
BRDA:101,6,1,0
BRDA:103,7,0,0
BRDA:103,7,1,0
BRDA:109,8,0,0
BRDA:109,8,1,0
BRDA:112,9,0,0
BRDA:112,9,1,0
BRDA:123,10,0,0
BRDA:123,10,1,0
BRDA:130,11,0,0
BRDA:130,11,1,0
BRDA:132,12,0,0
BRDA:132,12,1,0
BRDA:135,13,0,0
BRDA:135,13,1,0
BRDA:146,14,0,0
BRDA:146,14,1,0
BRDA:146,15,0,0
BRDA:146,15,1,0
BRDA:155,16,0,0
BRDA:155,16,1,0
BRDA:162,17,0,0
BRDA:162,17,1,0
BRDA:162,18,0,0
BRDA:162,18,1,0
BRDA:169,19,0,0
BRDA:169,19,1,0
BRDA:169,20,0,0
BRDA:169,20,1,0
BRDA:174,21,0,0
BRDA:174,21,1,0
BRDA:175,22,0,0
BRDA:175,22,1,0
BRDA:175,23,0,0
BRDA:175,23,1,0
BRDA:178,24,0,0
BRDA:178,24,1,0
BRDA:189,25,0,0
BRDA:189,25,1,0
BRDA:190,26,0,0
BRDA:190,26,1,0
BRDA:194,27,0,0
BRDA:194,27,1,0
BRDA:200,28,0,0
BRDA:200,28,1,0
BRDA:200,29,0,0
BRDA:200,29,1,0
BRDA:204,30,0,0
BRDA:204,30,1,0
BRDA:205,31,0,0
BRDA:205,31,1,0
BRDA:207,32,0,0
BRDA:207,32,1,0
BRDA:233,33,0,0
BRDA:233,33,1,0
BRF:66
BRH:1
end_of_record
TN:
SF:/Users/Kuitos/快盘/Program/codes/kuitos/json-mock-server/src/utils.js
FN:10,toNative
FN:24,createId
FN:28,(anonymous_3)
FN:45,getRemovable
FN:48,(anonymous_5)
FN:49,(anonymous_6)
FN:50,(anonymous_7)
FNF:7
FNH:5
FNDA:9,toNative
FNDA:0,createId
FNDA:0,(anonymous_3)
FNDA:1,getRemovable
FNDA:2,(anonymous_5)
FNDA:4,(anonymous_6)
FNDA:8,(anonymous_7)
DA:1,1
DA:2,1
DA:3,1
DA:4,1
DA:10,1
DA:11,9
DA:12,7
DA:13,4
DA:14,3
DA:15,1
DA:16,2
DA:17,1
DA:20,3
DA:24,1
DA:25,0
DA:26,0
DA:28,0
DA:29,0
DA:32,0
DA:34,0
DA:37,0
DA:45,1
DA:46,1
DA:48,1
DA:49,2
DA:50,4
DA:51,8
DA:52,3
DA:54,3
DA:56,3
DA:57,3
DA:58,2
DA:66,1
DA:69,1
LF:34
LH:27
BRDA:11,1,0,7
BRDA:11,1,1,2
BRDA:12,2,0,4
BRDA:12,2,1,3
BRDA:12,3,0,7
BRDA:12,3,1,6
BRDA:14,4,0,1
BRDA:14,4,1,2
BRDA:14,5,0,3
BRDA:14,5,1,2
BRDA:16,6,0,1
BRDA:16,6,1,1
BRDA:25,7,0,0
BRDA:25,7,1,0
BRDA:32,8,0,0
BRDA:32,8,1,0
BRDA:51,9,0,3
BRDA:51,9,1,5
BRDA:54,10,0,3
BRDA:54,10,1,0
BRDA:57,11,0,2
BRDA:57,11,1,1
BRF:22
BRH:17
end_of_record
